2020-12-19 21:45:39.242 [Info] Connecting to 127.0.0.1:5400...

--------------------------------------------------------------------------------
2020-12-19 21:45:39.598 [Debug] Net Incoming Message: DebugMessage: Socket bound to 0.0.0.0:57460: True

--------------------------------------------------------------------------------
2020-12-19 21:45:39.599 [Debug] Net Incoming Message: DebugMessage: Network thread started

--------------------------------------------------------------------------------
2020-12-19 21:45:39.705 [Info] Connection approved [00000000-0000-0000-0000-000000000000].

--------------------------------------------------------------------------------
2020-12-19 21:45:39.732 [Debug] approval Time=4603838 Offset=63744006535853 Real=63744011139691

--------------------------------------------------------------------------------
2020-12-19 21:45:39.732 [Debug] local Time=4603838 Offset=63744006535894 Real=63744011139732

--------------------------------------------------------------------------------
2020-12-19 21:45:39.732 [Debug] real delta=40

--------------------------------------------------------------------------------
2020-12-19 21:45:39.732 [Debug] this.Statistics.Ping=0 NCPing=2

--------------------------------------------------------------------------------
2020-12-19 21:45:39.735 [Debug] Connection established to remote [00000000-0000-0000-0000-000000000000/127.0.0.1:5400].

--------------------------------------------------------------------------------
2020-12-19 21:45:39.735 [Info] Connected [00000000-0000-0000-0000-000000000000].

--------------------------------------------------------------------------------
2020-12-19 21:45:39.736 [Debug] Net Incoming Message: DebugMessage: Initiated average roundtrip time to 2.00 ms Remote time is: 4603.7705308

--------------------------------------------------------------------------------
2020-12-19 21:45:43.431 [Warn] 'Me' is null.

--------------------------------------------------------------------------------
2020-12-19 21:45:43.846 [Debug] received epp: 4607504

--------------------------------------------------------------------------------
2020-12-19 21:45:46.881 [Debug] received epp: 4611016

--------------------------------------------------------------------------------
2020-12-19 21:45:47.134 [Debug] received epp: 4611268

--------------------------------------------------------------------------------
2020-12-19 21:45:47.388 [Debug] received epp: 4611522

--------------------------------------------------------------------------------
2020-12-19 21:47:45.838 [Debug] StatusChanged: [NetIncomingMessage #81 22 bytes] [Disconnected]

--------------------------------------------------------------------------------
2020-12-19 21:47:45.839 [Debug] Connection terminated to remote [00000000-0000-0000-0000-000000000000/127.0.0.1:5400].

--------------------------------------------------------------------------------
2020-12-19 21:47:45.839 [Info] Disconnected [00000000-0000-0000-0000-000000000000].

--------------------------------------------------------------------------------
2020-12-19 21:47:45.954 [Info] Connecting to 127.0.0.1:5400...

--------------------------------------------------------------------------------
2020-12-19 21:47:46.105 [Debug] Net Incoming Message: DebugMessage: Socket bound to 0.0.0.0:59649: True

--------------------------------------------------------------------------------
2020-12-19 21:47:46.105 [Debug] Net Incoming Message: DebugMessage: Network thread started

--------------------------------------------------------------------------------
2020-12-19 21:47:46.200 [Error] Bad state, no connection found.

--------------------------------------------------------------------------------
2020-12-19 21:47:46.222 [Debug] Net Incoming Message: DebugMessage: Initiated average roundtrip time to 0.00 ms Remote time is: 4730.2666015625

--------------------------------------------------------------------------------
2020-12-19 21:47:46.222 [Error] Received message from an unregistered endpoint.

--------------------------------------------------------------------------------
2020-12-19 21:47:46.222 [Error] Failed to obtain packet when told a packet was available.

--------------------------------------------------------------------------------
2020-12-19 21:47:46.222 [Error] Received message from an unregistered endpoint.

--------------------------------------------------------------------------------
2020-12-19 21:47:46.222 [Error] Failed to obtain packet when told a packet was available.

--------------------------------------------------------------------------------
2020-12-19 21:47:46.224 [Debug] StatusChanged: [NetIncomingMessage #0 27 bytes] [Disconnecting]

--------------------------------------------------------------------------------
2020-12-19 21:47:46.229 [Debug] StatusChanged: [NetIncomingMessage #1 27 bytes] [Disconnected]

--------------------------------------------------------------------------------
2020-12-19 21:47:46.252 [Debug] Unknown client disconnected (C4-71-D9-F5-A8-A6-6F-C0).

--------------------------------------------------------------------------------
2020-12-19 21:47:46.252 [Info] Disconnected [00000000-0000-0000-0000-000000000000].

--------------------------------------------------------------------------------
2020-12-19 21:47:46.260 [Debug] Net Incoming Message: DebugMessage: Shutdown requested

--------------------------------------------------------------------------------
2020-12-19 21:47:46.260 [Debug] Net Incoming Message: DebugMessage: Shutting down...

--------------------------------------------------------------------------------
2020-12-19 21:47:46.260 [Debug] Net Incoming Message: DebugMessage: Shutdown complete

--------------------------------------------------------------------------------
2020-12-19 21:47:46.294 [Info] Connecting to 127.0.0.1:5400...

--------------------------------------------------------------------------------
2020-12-19 21:47:46.402 [Debug] Net Incoming Message: DebugMessage: Socket bound to 0.0.0.0:59650: True

--------------------------------------------------------------------------------
2020-12-19 21:47:46.404 [Debug] Net Incoming Message: DebugMessage: Network thread started

--------------------------------------------------------------------------------
2020-12-19 21:47:46.518 [Info] Connection approved [00000000-0000-0000-0000-000000000000].

--------------------------------------------------------------------------------
2020-12-19 21:47:46.523 [Debug] approval Time=4730662 Offset=63744006535853 Real=63744011266516

--------------------------------------------------------------------------------
2020-12-19 21:47:46.523 [Debug] local Time=4730662 Offset=63744006535860 Real=63744011266523

--------------------------------------------------------------------------------
2020-12-19 21:47:46.523 [Debug] real delta=6

--------------------------------------------------------------------------------
2020-12-19 21:47:46.523 [Debug] this.Statistics.Ping=0 NCPing=0

--------------------------------------------------------------------------------
2020-12-19 21:47:46.523 [Debug] Connection established to remote [00000000-0000-0000-0000-000000000000/127.0.0.1:5400].

--------------------------------------------------------------------------------
2020-12-19 21:47:46.523 [Info] Connected [00000000-0000-0000-0000-000000000000].

--------------------------------------------------------------------------------
2020-12-19 21:47:46.523 [Debug] Net Incoming Message: DebugMessage: Initiated average roundtrip time to 0.00 ms Remote time is: 4730.58447265625

--------------------------------------------------------------------------------
2020-12-19 21:47:49.876 [Warn] 'Me' is null.

--------------------------------------------------------------------------------
2020-12-19 21:47:50.124 [Debug] received epp: 4733991

--------------------------------------------------------------------------------
2020-12-19 21:47:53.317 [Debug] received epp: 4737453

--------------------------------------------------------------------------------
2020-12-19 21:47:53.450 [Debug] received epp: 4737585

--------------------------------------------------------------------------------
2020-12-19 21:47:53.584 [Debug] received epp: 4737718

--------------------------------------------------------------------------------
2020-12-19 21:47:53.717 [Debug] received epp: 4737851

--------------------------------------------------------------------------------
2020-12-19 21:47:53.851 [Debug] received epp: 4737984

--------------------------------------------------------------------------------
2020-12-19 21:47:53.984 [Debug] received epp: 4738118

--------------------------------------------------------------------------------
2020-12-19 21:47:54.117 [Debug] received epp: 4738251

--------------------------------------------------------------------------------
2020-12-19 21:47:55.024 [Debug] received epp: 4739158

--------------------------------------------------------------------------------
2020-12-19 21:47:55.157 [Debug] received epp: 4739292

--------------------------------------------------------------------------------
2020-12-19 21:47:55.291 [Debug] received epp: 4739424

--------------------------------------------------------------------------------
2020-12-19 21:47:55.424 [Debug] received epp: 4739558

--------------------------------------------------------------------------------
2020-12-19 21:47:55.557 [Debug] received epp: 4739692

--------------------------------------------------------------------------------
2020-12-19 21:47:55.958 [Debug] received epp: 4740091

--------------------------------------------------------------------------------
2020-12-19 21:47:56.091 [Debug] received epp: 4740226

--------------------------------------------------------------------------------
2020-12-19 21:47:57.478 [Debug] received epp: 4741613

--------------------------------------------------------------------------------
2020-12-19 21:47:57.984 [Debug] received epp: 4742119

--------------------------------------------------------------------------------
2020-12-19 21:47:58.117 [Debug] received epp: 4742252

--------------------------------------------------------------------------------
2020-12-19 21:47:58.251 [Debug] received epp: 4742386

--------------------------------------------------------------------------------
2020-12-19 21:47:58.384 [Debug] received epp: 4742519

--------------------------------------------------------------------------------
2020-12-19 21:47:58.518 [Debug] received epp: 4742653

--------------------------------------------------------------------------------
2020-12-19 21:47:58.651 [Debug] received epp: 4742786

--------------------------------------------------------------------------------
2020-12-19 21:49:01.975 [Debug] StatusChanged: [NetIncomingMessage #0 10 bytes] [Disconnecting]

--------------------------------------------------------------------------------
2020-12-19 21:49:01.976 [Debug] Net Incoming Message: DebugMessage: Shutdown requested

--------------------------------------------------------------------------------
2020-12-19 21:49:01.976 [Debug] Net Incoming Message: DebugMessage: Shutdown requested

--------------------------------------------------------------------------------
2020-12-19 21:49:01.977 [Debug] Net Incoming Message: DebugMessage: Shutting down...

--------------------------------------------------------------------------------
2020-12-19 21:49:01.977 [Debug] StatusChanged: [NetIncomingMessage #0 10 bytes] [Disconnected]

--------------------------------------------------------------------------------
2020-12-19 21:49:01.978 [Debug] Connection terminated to remote [00000000-0000-0000-0000-000000000000/127.0.0.1:5400].

--------------------------------------------------------------------------------
2020-12-19 21:49:01.978 [Info] Disconnected [00000000-0000-0000-0000-000000000000].

--------------------------------------------------------------------------------
2020-12-19 21:49:02.046 [Info] Connecting to 127.0.0.1:5400...

--------------------------------------------------------------------------------
2020-12-19 21:49:02.084 [Info] Acquiring context lock... (0ms)

--------------------------------------------------------------------------------
2020-12-19 21:49:02.084 [Info] Acquired. (0ms)

--------------------------------------------------------------------------------
2020-12-19 21:49:02.085 [Info] Beginning context dispose. (0ms)

--------------------------------------------------------------------------------
2020-12-19 21:49:02.085 [Info] GC.SuppressFinalize (0ms)

--------------------------------------------------------------------------------
2020-12-19 21:49:02.085 [Info] InternalDispose() completed. (0ms)

--------------------------------------------------------------------------------
2020-12-19 21:49:02.085 [Info] Clearing instance... (1ms)

--------------------------------------------------------------------------------
2020-12-19 21:49:02.085 [Info] Releasing context lock... (1ms)

--------------------------------------------------------------------------------
2020-12-19 21:49:02.085 [Info] Released. (1ms)

--------------------------------------------------------------------------------
